Uncaught error: TypeError: Cannot read property '0' of undefined
    at Query.<anonymous> (C:\Javascript\cruisecarrot\api\services\customers.js:151:38)
    at Query.<anonymous> (C:\Javascript\cruisecarrot\node_modules\mysql\lib\Connection.js:526:10)
    at Query._callback (C:\Javascript\cruisecarrot\node_modules\mysql\lib\Connection.js:488:16)
    at Query.Sequence.end (C:\Javascript\cruisecarrot\node_modules\mysql\lib\protocol\sequences\Sequence.js:83:24)
    at Query.ErrorPacket (C:\Javascript\cruisecarrot\node_modules\mysql\lib\protocol\sequences\Query.js:92:8)
    at Protocol._parsePacket (C:\Javascript\cruisecarrot\node_modules\mysql\lib\protocol\Protocol.js:291:23)
    at Parser._parsePacket (C:\Javascript\cruisecarrot\node_modules\mysql\lib\protocol\Parser.js:433:10)
    at Parser.write (C:\Javascript\cruisecarrot\node_modules\mysql\lib\protocol\Parser.js:43:10)
    at Protocol.write (C:\Javascript\cruisecarrot\node_modules\mysql\lib\protocol\Protocol.js:38:16)
    at Socket.<anonymous> (C:\Javascript\cruisecarrot\node_modules\mysql\lib\Connection.js:88:28)
Uncaught error: TypeError: Cannot read property '0' of undefined
    at Query.<anonymous> (C:\Javascript\cruisecarrot\api\services\customers.js:151:38)
    at Query.<anonymous> (C:\Javascript\cruisecarrot\node_modules\mysql\lib\Connection.js:526:10)
    at Query._callback (C:\Javascript\cruisecarrot\node_modules\mysql\lib\Connection.js:488:16)
    at Query.Sequence.end (C:\Javascript\cruisecarrot\node_modules\mysql\lib\protocol\sequences\Sequence.js:83:24)
    at Query.ErrorPacket (C:\Javascript\cruisecarrot\node_modules\mysql\lib\protocol\sequences\Query.js:92:8)
    at Protocol._parsePacket (C:\Javascript\cruisecarrot\node_modules\mysql\lib\protocol\Protocol.js:291:23)
    at Parser._parsePacket (C:\Javascript\cruisecarrot\node_modules\mysql\lib\protocol\Parser.js:433:10)
    at Parser.write (C:\Javascript\cruisecarrot\node_modules\mysql\lib\protocol\Parser.js:43:10)
    at Protocol.write (C:\Javascript\cruisecarrot\node_modules\mysql\lib\protocol\Protocol.js:38:16)
    at Socket.<anonymous> (C:\Javascript\cruisecarrot\node_modules\mysql\lib\Connection.js:88:28)
